<?xml version="1.0" encoding="UTF-8"?>
<testsuite xmlns:xsi="http://www.w3.org/2001/XMLSchema-instance" xsi:noNamespaceSchemaLocation="https://maven.apache.org/surefire/maven-surefire-plugin/xsd/surefire-test-report.xsd" version="3.0.2" name="com.example.taskmanager.TaskManagerApplicationTests" time="0.893" tests="1" errors="0" skipped="0" failures="0">
  <properties>
[...]
</properties>
  <testcase name="contextLoads" classname="com.example.taskmanager.TaskManagerApplicationTests" time="0.013">
    <system-out><![CDATA[2026-03-30T11:04:09.249-04:00  INFO 15308 --- [task-manager] [           main] t.c.s.AnnotationConfigContextLoaderUtils : Could not detect default configuration classes for test class [com.example.taskmanager.TaskManagerApplicationTests]: TaskManagerApplicationTests does not declare any static, non-private, non-final, nested classes annotated with @Configuration.
2026-03-30T11:04:09.261-04:00  INFO 15308 --- [task-manager] [           main] .b.t.c.SpringBootTestContextBootstrapper : Found @SpringBootConfiguration com.example.taskmanager.TaskManagerApplication for test class com.example.taskmanager.TaskManagerApplicationTests

  .   ____          _            __ _ _
 /\\ / ___'_ __ _ _(_)_ __  __ _ \ \ \ \
( ( )\___ | '_ | '_| | '_ \/ _` | \ \ \ \
 \\/  ___)| |_)| | | | | || (_| |  ) ) ) )
  '  |____| .__|_| |_|_| |_\__, | / / / /
 =========|_|==============|___/=/_/_/_/

 :: Spring Boot ::                (v3.5.0)

2026-03-30T11:04:09.304-04:00  INFO 15308 --- [task-manager] [           main] c.e.t.TaskManagerApplicationTests        : Starting TaskManagerApplicationTests using Java 17.0.18 with PID 15308 (started by Owner in C:\Users\Owner\assessment)
2026-03-30T11:04:09.305-04:00  INFO 15308 --- [task-manager] [           main] c.e.t.TaskManagerApplicationTests        : No active profile set, falling back to 1 default profile: "default"
2026-03-30T11:04:09.568-04:00  INFO 15308 --- [task-manager] [           main] .s.d.r.c.RepositoryConfigurationDelegate : Bootstrapping Spring Data JPA repositories in DEFAULT mode.
2026-03-30T11:04:09.592-04:00  INFO 15308 --- [task-manager] [           main] .s.d.r.c.RepositoryConfigurationDelegate : Finished Spring Data repository scanning in 21 ms. Found 1 JPA repository interface.
2026-03-30T11:04:09.723-04:00  INFO 15308 --- [task-manager] [           main] o.hibernate.jpa.internal.util.LogHelper  : HHH000204: Processing PersistenceUnitInfo [name: default]
2026-03-30T11:04:09.728-04:00  INFO 15308 --- [task-manager] [           main] o.h.c.internal.RegionFactoryInitiator    : HHH000026: Second-level cache disabled
2026-03-30T11:04:09.744-04:00  INFO 15308 --- [task-manager] [           main] o.s.o.j.p.SpringPersistenceUnitInfo      : No LoadTimeWeaver setup: ignoring JPA class transformer
2026-03-30T11:04:09.747-04:00  INFO 15308 --- [task-manager] [           main] com.zaxxer.hikari.HikariDataSource       : HikariPool-3 - Starting...
2026-03-30T11:04:09.750-04:00  INFO 15308 --- [task-manager] [           main] com.zaxxer.hikari.pool.HikariPool        : HikariPool-3 - Added connection conn20: url=jdbc:h2:mem:taskdb user=SA
2026-03-30T11:04:09.750-04:00  INFO 15308 --- [task-manager] [           main] com.zaxxer.hikari.HikariDataSource       : HikariPool-3 - Start completed.
2026-03-30T11:04:09.751-04:00  INFO 15308 --- [task-manager] [           main] org.hibernate.orm.connections.pooling    : HHH10001005: Database info:
	Database JDBC URL [Connecting through datasource 'HikariDataSource (HikariPool-3)']
	Database driver: undefined/unknown
	Database version: 2.3.232
	Autocommit mode: undefined/unknown
	Isolation level: undefined/unknown
	Minimum pool size: undefined/unknown
	Maximum pool size: undefined/unknown
2026-03-30T11:04:09.796-04:00  INFO 15308 --- [task-manager] [           main] o.h.e.t.j.p.i.JtaPlatformInitiator       : HHH000489: No JTA platform available (set 'hibernate.transaction.jta.platform' to enable JTA platform integration)
2026-03-30T11:04:09.799-04:00  INFO 15308 --- [task-manager] [           main] j.LocalContainerEntityManagerFactoryBean : Initialized JPA EntityManagerFactory for persistence unit 'default'
2026-03-30T11:04:09.980-04:00  WARN 15308 --- [task-manager] [           main] JpaBaseConfiguration$JpaWebConfiguration : spring.jpa.open-in-view is enabled by default. Therefore, database queries may be performed during view rendering. Explicitly configure spring.jpa.open-in-view to disable this warning
2026-03-30T11:04:09.990-04:00  INFO 15308 --- [task-manager] [           main] o.s.b.a.w.s.WelcomePageHandlerMapping    : Adding welcome page: class path resource [static/index.html]
2026-03-30T11:04:10.086-04:00  INFO 15308 --- [task-manager] [           main] o.s.b.a.h2.H2ConsoleAutoConfiguration    : H2 console available at '/h2-console'. Database available at 'jdbc:h2:mem:taskdb'
2026-03-30T11:04:10.119-04:00  INFO 15308 --- [task-manager] [           main] c.e.t.TaskManagerApplicationTests        : Started TaskManagerApplicationTests in 0.854 seconds (process running for 16.314)
]]></system-out>
  </testcase>
</testsuite>