<?xml version="1.0" encoding="UTF-8"?>
<testsuite xmlns:xsi="http://www.w3.org/2001/XMLSchema-instance" xsi:noNamespaceSchemaLocation="https://maven.apache.org/surefire/maven-surefire-plugin/xsd/surefire-test-report.xsd" version="3.0.2" name="com.example.taskmanager.service.TaskServiceTest" time="0.434" tests="6" errors="0" skipped="0" failures="0">
  <properties>
[...]
</properties>
  <testcase name="getTaskById_throwsWhenMissing" classname="com.example.taskmanager.service.TaskServiceTest" time="0.377"/>
  <testcase name="updateTask_updatesAndReturnsTask" classname="com.example.taskmanager.service.TaskServiceTest" time="0.013"/>
  <testcase name="createTask_returnsSavedTask" classname="com.example.taskmanager.service.TaskServiceTest" time="0.009"/>
  <testcase name="getAllTasks_returnsAllTasks" classname="com.example.taskmanager.service.TaskServiceTest" time="0.014"/>
  <testcase name="deleteTask_deletesExistingTask" classname="com.example.taskmanager.service.TaskServiceTest" time="0.012"/>
  <testcase name="getTaskById_returnsTaskWhenFound" classname="com.example.taskmanager.service.TaskServiceTest" time="0.005"/>
</testsuite>